<?xml version="1.0" encoding="UTF-8"?>
<testng-results skipped="0" failed="2" ignored="0" total="2" passed="0">
  <reporter-output>
  </reporter-output>
  <suite name="Suite" duration-ms="42865" started-at="2020-07-06T12:01:00 IST" finished-at="2020-07-06T12:01:43 IST">
    <groups>
    </groups>
    <test name="Test - 1" duration-ms="42865" started-at="2020-07-06T12:01:00 IST" finished-at="2020-07-06T12:01:43 IST">
      <class name="SeleniumTest.LoginTest">
        <test-method status="PASS" signature="Initialize()[pri:0, instance:SeleniumTest.LoginTest@51e2adc7]" name="Initialize" is-config="true" duration-ms="18055" started-at="2020-07-06T12:01:00 IST" finished-at="2020-07-06T12:01:18 IST">
          <reporter-output>
          </reporter-output>
        </test-method> <!-- Initialize -->
        <test-method status="FAIL" signature="EmployeeRegistration()[pri:0, instance:SeleniumTest.LoginTest@51e2adc7]" name="EmployeeRegistration" duration-ms="22382" started-at="2020-07-06T12:01:18 IST" finished-at="2020-07-06T12:01:41 IST">
          <exception class="org.openqa.selenium.NoSuchElementException">
            <message>
              <![CDATA[Unable to locate element: Log off
For documentation on this error, please visit: https://www.seleniumhq.org/exceptions/no_such_element.html
Build info: version: '3.141.59', revision: 'e82be7d358', time: '2018-11-14T08:17:03'
System info: host: 'USHYDBISROUT1', ip: '192.168.0.5', os.name: 'Windows 10', os.arch: 'amd64', os.version: '10.0', java.version: '1.8.0_201'
Driver info: org.openqa.selenium.firefox.FirefoxDriver
Capabilities {acceptInsecureCerts: true, browserName: firefox, browserVersion: 76.0.1, javascriptEnabled: true, moz:accessibilityChecks: false, moz:buildID: 20200507114007, moz:geckodriverVersion: 0.26.0, moz:headless: false, moz:processID: 456, moz:profile: C:\Users\bisrout\AppData\Lo..., moz:shutdownTimeout: 60000, moz:useNonSpecCompliantPointerOrigin: false, moz:webdriverClick: true, pageLoadStrategy: normal, platform: WINDOWS, platformName: WINDOWS, platformVersion: 10.0, rotatable: false, setWindowRect: true, strictFileInteractability: false, timeouts: {implicit: 0, pageLoad: 300000, script: 30000}, unhandledPromptBehavior: dismiss and notify}
Session ID: b7f5503b-b6f4-494b-8caf-04025f37ec52
*** Element info: {Using=link text, value=Log off}]]>
            </message>
            <full-stacktrace>
              <![CDATA[org.openqa.selenium.NoSuchElementException: Unable to locate element: Log off
For documentation on this error, please visit: https://www.seleniumhq.org/exceptions/no_such_element.html
Build info: version: '3.141.59', revision: 'e82be7d358', time: '2018-11-14T08:17:03'
System info: host: 'USHYDBISROUT1', ip: '192.168.0.5', os.name: 'Windows 10', os.arch: 'amd64', os.version: '10.0', java.version: '1.8.0_201'
Driver info: org.openqa.selenium.firefox.FirefoxDriver
Capabilities {acceptInsecureCerts: true, browserName: firefox, browserVersion: 76.0.1, javascriptEnabled: true, moz:accessibilityChecks: false, moz:buildID: 20200507114007, moz:geckodriverVersion: 0.26.0, moz:headless: false, moz:processID: 456, moz:profile: C:\Users\bisrout\AppData\Lo..., moz:shutdownTimeout: 60000, moz:useNonSpecCompliantPointerOrigin: false, moz:webdriverClick: true, pageLoadStrategy: normal, platform: WINDOWS, platformName: WINDOWS, platformVersion: 10.0, rotatable: false, setWindowRect: true, strictFileInteractability: false, timeouts: {implicit: 0, pageLoad: 300000, script: 30000}, unhandledPromptBehavior: dismiss and notify}
Session ID: b7f5503b-b6f4-494b-8caf-04025f37ec52
*** Element info: {Using=link text, value=Log off}
at sun.reflect.NativeConstructorAccessorImpl.newInstance0(Native Method)
at sun.reflect.NativeConstructorAccessorImpl.newInstance(NativeConstructorAccessorImpl.java:62)
at sun.reflect.DelegatingConstructorAccessorImpl.newInstance(DelegatingConstructorAccessorImpl.java:45)
at java.lang.reflect.Constructor.newInstance(Constructor.java:423)
at org.openqa.selenium.remote.http.W3CHttpResponseCodec.createException(W3CHttpResponseCodec.java:187)
at org.openqa.selenium.remote.http.W3CHttpResponseCodec.decode(W3CHttpResponseCodec.java:122)
at org.openqa.selenium.remote.http.W3CHttpResponseCodec.decode(W3CHttpResponseCodec.java:49)
at org.openqa.selenium.remote.HttpCommandExecutor.execute(HttpCommandExecutor.java:158)
at org.openqa.selenium.remote.service.DriverCommandExecutor.execute(DriverCommandExecutor.java:83)
at org.openqa.selenium.remote.RemoteWebDriver.execute(RemoteWebDriver.java:552)
at org.openqa.selenium.remote.RemoteWebDriver.findElement(RemoteWebDriver.java:323)
at org.openqa.selenium.remote.RemoteWebDriver.findElementByLinkText(RemoteWebDriver.java:380)
at org.openqa.selenium.By$ByLinkText.findElement(By.java:220)
at org.openqa.selenium.remote.RemoteWebDriver.findElement(RemoteWebDriver.java:315)
at org.openqa.selenium.support.pagefactory.DefaultElementLocator.findElement(DefaultElementLocator.java:69)
at com.ea.Framework.Controls.api.ControlHandler.invoke(ControlHandler.java:33)
at com.sun.proxy.$Proxy10.WaitForVisible(Unknown Source)
at Pages.HomePage.isLoggofftxt(HomePage.java:48)
at SeleniumTest.LoginTest.EmployeeRegistration(LoginTest.java:64)
at sun.reflect.NativeMethodAccessorImpl.invoke0(Native Method)
at sun.reflect.NativeMethodAccessorImpl.invoke(NativeMethodAccessorImpl.java:62)
at sun.reflect.DelegatingMethodAccessorImpl.invoke(DelegatingMethodAccessorImpl.java:43)
at java.lang.reflect.Method.invoke(Method.java:498)
at org.testng.internal.MethodInvocationHelper.invokeMethod(MethodInvocationHelper.java:134)
at org.testng.internal.TestInvoker.invokeMethod(TestInvoker.java:597)
at org.testng.internal.TestInvoker.invokeTestMethod(TestInvoker.java:173)
at org.testng.internal.MethodRunner.runInSequence(MethodRunner.java:46)
at org.testng.internal.TestInvoker$MethodInvocationAgent.invoke(TestInvoker.java:816)
at org.testng.internal.TestInvoker.invokeTestMethods(TestInvoker.java:146)
at org.testng.internal.TestMethodWorker.invokeTestMethods(TestMethodWorker.java:146)
at org.testng.internal.TestMethodWorker.run(TestMethodWorker.java:128)
at java.util.concurrent.ThreadPoolExecutor.runWorker(ThreadPoolExecutor.java:1149)
at java.util.concurrent.ThreadPoolExecutor$Worker.run(ThreadPoolExecutor.java:624)
at java.lang.Thread.run(Thread.java:748)
]]>
            </full-stacktrace>
          </exception> <!-- org.openqa.selenium.NoSuchElementException -->
          <reporter-output>
          </reporter-output>
        </test-method> <!-- EmployeeRegistration -->
        <test-method status="PASS" signature="killBrowser(org.testng.ITestResult)[pri:0, instance:SeleniumTest.LoginTest@51e2adc7]" name="killBrowser" is-config="true" duration-ms="0" started-at="2020-07-06T12:01:43 IST" finished-at="2020-07-06T12:01:43 IST">
          <params>
            <param index="0">
              <value>
                <![CDATA[[TestResult name=EmployeeRegistration status=FAILURE method=LoginTest.EmployeeRegistration()[pri:0, instance:SeleniumTest.LoginTest@51e2adc7] output={null}]]]>
              </value>
            </param>
          </params>
          <reporter-output>
          </reporter-output>
        </test-method> <!-- killBrowser -->
      </class> <!-- SeleniumTest.LoginTest -->
      <class name="SeleniumTest.TestCycle2">
        <test-method status="PASS" signature="Initialize()[pri:0, instance:SeleniumTest.TestCycle2@1a8a8f7c]" name="Initialize" is-config="true" duration-ms="18083" started-at="2020-07-06T12:01:00 IST" finished-at="2020-07-06T12:01:18 IST">
          <reporter-output>
          </reporter-output>
        </test-method> <!-- Initialize -->
        <test-method status="FAIL" signature="Validation_POST_call()[pri:0, instance:SeleniumTest.TestCycle2@1a8a8f7c]" name="Validation_POST_call" duration-ms="4754" started-at="2020-07-06T12:01:18 IST" finished-at="2020-07-06T12:01:23 IST">
          <exception class="org.junit.ComparisonFailure">
            <message>
              <![CDATA[Home Page is not arrived expected:<[Hello biswajit!]> but was:<[ biswajit]>]]>
            </message>
            <full-stacktrace>
              <![CDATA[org.junit.ComparisonFailure: Home Page is not arrived expected:<[Hello biswajit!]> but was:<[ biswajit]>
at org.junit.Assert.assertEquals(Assert.java:117)
at SeleniumTest.TestCycle2.Validation_POST_call(TestCycle2.java:35)
at sun.reflect.NativeMethodAccessorImpl.invoke0(Native Method)
at sun.reflect.NativeMethodAccessorImpl.invoke(NativeMethodAccessorImpl.java:62)
at sun.reflect.DelegatingMethodAccessorImpl.invoke(DelegatingMethodAccessorImpl.java:43)
at java.lang.reflect.Method.invoke(Method.java:498)
at org.testng.internal.MethodInvocationHelper.invokeMethod(MethodInvocationHelper.java:134)
at org.testng.internal.TestInvoker.invokeMethod(TestInvoker.java:597)
at org.testng.internal.TestInvoker.invokeTestMethod(TestInvoker.java:173)
at org.testng.internal.MethodRunner.runInSequence(MethodRunner.java:46)
at org.testng.internal.TestInvoker$MethodInvocationAgent.invoke(TestInvoker.java:816)
at org.testng.internal.TestInvoker.invokeTestMethods(TestInvoker.java:146)
at org.testng.internal.TestMethodWorker.invokeTestMethods(TestMethodWorker.java:146)
at org.testng.internal.TestMethodWorker.run(TestMethodWorker.java:128)
at java.util.concurrent.ThreadPoolExecutor.runWorker(ThreadPoolExecutor.java:1149)
at java.util.concurrent.ThreadPoolExecutor$Worker.run(ThreadPoolExecutor.java:624)
at java.lang.Thread.run(Thread.java:748)
]]>
            </full-stacktrace>
          </exception> <!-- org.junit.ComparisonFailure -->
          <reporter-output>
          </reporter-output>
        </test-method> <!-- Validation_POST_call -->
        <test-method status="PASS" signature="killBrowser(org.testng.ITestResult)[pri:0, instance:SeleniumTest.TestCycle2@1a8a8f7c]" name="killBrowser" is-config="true" duration-ms="3" started-at="2020-07-06T12:01:27 IST" finished-at="2020-07-06T12:01:27 IST">
          <params>
            <param index="0">
              <value>
                <![CDATA[[TestResult name=Validation_POST_call status=FAILURE method=TestCycle2.Validation_POST_call()[pri:0, instance:SeleniumTest.TestCycle2@1a8a8f7c] output={null}]]]>
              </value>
            </param>
          </params>
          <reporter-output>
          </reporter-output>
        </test-method> <!-- killBrowser -->
      </class> <!-- SeleniumTest.TestCycle2 -->
    </test> <!-- Test - 1 -->
  </suite> <!-- Suite -->
</testng-results>
